<?xml version="1.0" encoding="UTF-8"?>
<!-- Generated by org.testng.reporters.JUnitReportReporter -->
<testsuite skipped="1" hostname="LAPTOP-JKUOSJ4L" name="day1.OpenWeatherAPI" tests="3" failures="0" timestamp="09 Nov 2021 06:57:49 GMT" time="2.576" errors="0">
  <testcase name="getWeatherInfo3" time="0.388" classname="day1.OpenWeatherAPI"/>
  <testcase name="getWeatherInfo" time="2.188" classname="day1.OpenWeatherAPI"/>
  <testcase name="getWeatherInfo2" classname="day1.OpenWeatherAPI">
    <skipped/>
  </testcase> <!-- getWeatherInfo2 -->
</testsuite> <!-- day1.OpenWeatherAPI -->
