<?xml version="1.0" encoding="UTF-8"?>
<!-- Generated by org.testng.reporters.JUnitReportReporter -->
<testsuite skipped="0" hostname="LAPTOP-JKUOSJ4L" name="day1.GitHubExample" tests="2" failures="0" timestamp="09 Nov 2021 12:05:54 GMT" time="2.172" errors="0">
  <testcase name="addRepository" time="1.799" classname="day1.GitHubExample"/>
  <testcase name="getAllRepo" time="0.373" classname="day1.GitHubExample"/>
</testsuite> <!-- day1.GitHubExample -->
