<?xml version="1.0" encoding="UTF-8"?>
<!-- Generated by org.testng.reporters.JUnitReportReporter -->
<testsuite skipped="1" hostname="LAPTOP-JKUOSJ4L" name="day1.PositiveTest" tests="5" failures="0" timestamp="09 Nov 2021 10:17:11 GMT" time="4.325" errors="0">
  <testcase name="getSpecificContact" time="0.438" classname="day1.PositiveTest"/>
  <testcase name="addContact" time="2.891" classname="day1.PositiveTest"/>
  <testcase name="deleteSpecificContact" time="0.502" classname="day1.PositiveTest"/>
  <testcase name="updateContact" time="0.494" classname="day1.PositiveTest"/>
  <testcase name="getAllContactList" classname="day1.PositiveTest">
    <skipped/>
  </testcase> <!-- getAllContactList -->
</testsuite> <!-- day1.PositiveTest -->
